Using pre-set license
Built from '2020.3/china_unity/release' branch; Version is '2020.3.32f1c1 (76260b79758e) revision 7742987'; Using compiler version '192528614'; Build Type 'Release'
OS: 'Windows 10  (10.0.19044) 64bit Professional' Language: 'zh' Physical Memory: 16328 MB
BatchMode: 1, IsHumanControllingUs: 0, StartBugReporterOnCrash: 0, Is64bit: 1, IsPro: 0

COMMAND LINE ARGUMENTS:
C:\Program Files\Unity\Hub\Editor\2020.3.32f1c1\Editor\Unity.exe
-adb2
-batchMode
-noUpm
-name
AssetImportWorker0
-projectPath
F:/siki/project/QFrameworkDesign
-logFile
Logs/AssetImportWorker0.log
-srvPort
59101
Successfully changed project path to: F:/siki/project/QFrameworkDesign
F:/siki/project/QFrameworkDesign
Using Asset Import Pipeline V2.
AS: AutoStreaming module initializing.Refreshing native plugins compatible for Editor in 25.27 ms, found 2 plugins.
Preloading 0 native plugins for Editor in 0.00 ms.
Initialize engine version: 2020.3.32f1c1 (76260b79758e)
[Subsystems] Discovering subsystems at path C:/Program Files/Unity/Hub/Editor/2020.3.32f1c1/Editor/Data/Resources/UnitySubsystems
[Subsystems] Discovering subsystems at path F:/siki/project/QFrameworkDesign/Assets
GfxDevice: creating device client; threaded=0
Direct3D:
    Version:  Direct3D 11.0 [level 11.1]
    Renderer: NVIDIA GeForce GT 1030 (ID=0x1d01)
    Vendor:   
    VRAM:     1982 MB
    Driver:   30.0.15.1215
Initialize mono
Mono path[0] = 'C:/Program Files/Unity/Hub/Editor/2020.3.32f1c1/Editor/Data/Managed'
Mono path[1] = 'C:/Program Files/Unity/Hub/Editor/2020.3.32f1c1/Editor/Data/MonoBleedingEdge/lib/mono/unityjit'
Mono config path = 'C:/Program Files/Unity/Hub/Editor/2020.3.32f1c1/Editor/Data/MonoBleedingEdge/etc'
Using monoOptions --debugger-agent=transport=dt_socket,embedding=1,server=y,suspend=n,address=127.0.0.1:56216
Begin MonoManager ReloadAssembly
Registering precompiled unity dll's ...
Register platform support module: C:/Program Files/Unity/Hub/Editor/2020.3.32f1c1/Editor/Data/PlaybackEngines/WindowsStandaloneSupport/UnityEditor.WindowsStandalone.Extensions.dll
Registered in 0.001494 seconds.
Native extension for WindowsStandalone target not found
Refreshing native plugins compatible for Editor in 26.03 ms, found 2 plugins.
Preloading 0 native plugins for Editor in 0.00 ms.
Mono: successfully reloaded assembly
- Completed reload, in  0.473 seconds
Domain Reload Profiling:
	ReloadAssembly (474ms)
		BeginReloadAssembly (52ms)
			ExecutionOrderSort (0ms)
			DisableScriptedObjects (0ms)
			BackupInstance (0ms)
			ReleaseScriptingObjects (0ms)
			CreateAndSetChildDomain (1ms)
		EndReloadAssembly (362ms)
			LoadAssemblies (51ms)
			RebuildTransferFunctionScriptingTraits (0ms)
			SetupTypeCache (121ms)
			ReleaseScriptCaches (0ms)
			RebuildScriptCaches (25ms)
			SetupLoadedEditorAssemblies (132ms)
				LogAssemblyErrors (0ms)
				InitializePlatformSupportModulesInManaged (4ms)
				SetLoadedEditorAssemblies (0ms)
				RefreshPlugins (26ms)
				BeforeProcessingInitializeOnLoad (13ms)
				ProcessInitializeOnLoadAttributes (66ms)
				ProcessInitializeOnLoadMethodAttributes (23ms)
				AfterProcessingInitializeOnLoad (0ms)
				EditorAssembliesLoaded (0ms)
			ExecutionOrderSort2 (0ms)
			AwakeInstancesAfterBackupRestoration (0ms)
Platform modules already initialized, skipping
Registering precompiled user dll's ...
Registered in 0.001290 seconds.
Begin MonoManager ReloadAssembly
Native extension for WindowsStandalone target not found
Refreshing native plugins compatible for Editor in 0.27 ms, found 2 plugins.
Preloading 0 native plugins for Editor in 0.00 ms.
Mono: successfully reloaded assembly
- Completed reload, in  0.826 seconds
Domain Reload Profiling:
	ReloadAssembly (827ms)
		BeginReloadAssembly (126ms)
			ExecutionOrderSort (0ms)
			DisableScriptedObjects (4ms)
			BackupInstance (0ms)
			ReleaseScriptingObjects (0ms)
			CreateAndSetChildDomain (16ms)
		EndReloadAssembly (651ms)
			LoadAssemblies (76ms)
			RebuildTransferFunctionScriptingTraits (0ms)
			SetupTypeCache (220ms)
			ReleaseScriptCaches (0ms)
			RebuildScriptCaches (35ms)
			SetupLoadedEditorAssemblies (250ms)
				LogAssemblyErrors (0ms)
				InitializePlatformSupportModulesInManaged (4ms)
				SetLoadedEditorAssemblies (0ms)
				RefreshPlugins (0ms)
				BeforeProcessingInitializeOnLoad (66ms)
				ProcessInitializeOnLoadAttributes (166ms)
				ProcessInitializeOnLoadMethodAttributes (8ms)
				AfterProcessingInitializeOnLoad (5ms)
				EditorAssembliesLoaded (0ms)
			ExecutionOrderSort2 (0ms)
			AwakeInstancesAfterBackupRestoration (5ms)
Platform modules already initialized, skipping
========================================================================
Worker process is ready to serve import requests
Launched and connected shader compiler UnityShaderCompiler.exe after 0.03 seconds
Refreshing native plugins compatible for Editor in 0.27 ms, found 2 plugins.
Preloading 0 native plugins for Editor in 0.00 ms.
Unloading 1525 Unused Serialized files (Serialized files now loaded: 0)
System memory in use before: 69.0 MB.
System memory in use after: 69.1 MB.

Unloading 16 unused Assets to reduce memory usage. Loaded Objects now: 1962.
Total: 2.245500 ms (FindLiveObjects: 0.098200 ms CreateObjectMapping: 0.036100 ms MarkObjects: 2.067800 ms  DeleteObjects: 0.042700 ms)

AssetImportParameters requested are different than current active one (requested -> active):
  custom:framework-win-MediaFoundation: 216162199b28c13a410421893ffa2e32 -> 
  custom:video-decoder-ogg-theora: a1e56fd34408186e4bbccfd4996cb3dc -> 
  custom:container-muxer-webm: aa71ff27fc2769a1b78a27578f13a17b -> 
  custom:container-demuxer-webm: 4f35f7cbe854078d1ac9338744f61a02 -> 
  custom:container-demuxer-ogg: 62fdf1f143b41e24485cea50d1cbac27 -> 
  custom:video-encoder-webm-vp8: eb34c28f22e8b96e1ab97ce403110664 -> 
  custom:video-decoder-webm-vp8: 9c59270c3fd7afecdb556c50c9e8de78 -> 
  custom:audio-decoder-ogg-vorbis: bf7c407c2cedff20999df2af8eb42d56 -> 
  custom:audio-encoder-webm-vorbis: bf7c407c2cedff20999df2af8eb42d56 -> 
========================================================================
Received Import Request.
  path: Assets/FrameworkDesign/Framework/Architecture/IBelongToArchitecture.cs
  artifactKey: Guid(7ac6f42ed4b784a42be2818688687148) Importer(815301076,1909f56bfc062723c751e8b465ee728b)
Start importing Assets/FrameworkDesign/Framework/Architecture/IBelongToArchitecture.cs using Guid(7ac6f42ed4b784a42be2818688687148) Importer(815301076,1909f56bfc062723c751e8b465ee728b)  -> (artifact id: '16314b39ff390022537601a8f4087db8') in 0.020027 seconds 
========================================================================
Received Import Request.
  Time since last request: 0.001378 seconds.
  path: Assets/FrameworkDesign/Framework/Architecture/ISystem.cs
  artifactKey: Guid(95e783632fd0dac4e83862ad5cb87e2d) Importer(815301076,1909f56bfc062723c751e8b465ee728b)
Start importing Assets/FrameworkDesign/Framework/Architecture/ISystem.cs using Guid(95e783632fd0dac4e83862ad5cb87e2d) Importer(815301076,1909f56bfc062723c751e8b465ee728b)  -> (artifact id: '03a2053ac796422cf6bfd6b0a7714295') in 0.004278 seconds 
========================================================================
Received Import Request.
  Time since last request: 0.004792 seconds.
  path: Assets/FrameworkDesign/Framework/Architecture/IModel.cs
  artifactKey: Guid(5a9c9d7ed878e2947838a12ad807a99d) Importer(815301076,1909f56bfc062723c751e8b465ee728b)
Start importing Assets/FrameworkDesign/Framework/Architecture/IModel.cs using Guid(5a9c9d7ed878e2947838a12ad807a99d) Importer(815301076,1909f56bfc062723c751e8b465ee728b)  -> (artifact id: 'e924833b9e908a9e1e7e6f6b9502325c') in 0.004249 seconds 
========================================================================
Received Import Request.
  Time since last request: 0.008995 seconds.
  path: Assets/FrameworkDesign/Framework/Architecture/IController.cs
  artifactKey: Guid(f79df500000eacc4fb8314cbb76a854e) Importer(815301076,1909f56bfc062723c751e8b465ee728b)
Start importing Assets/FrameworkDesign/Framework/Architecture/IController.cs using Guid(f79df500000eacc4fb8314cbb76a854e) Importer(815301076,1909f56bfc062723c751e8b465ee728b)  -> (artifact id: '57dc98afb083d4848849602fc5ac580b') in 0.003973 seconds 
========================================================================
Received Import Request.
  Time since last request: 0.052284 seconds.
  path: Assets/FrameworkDesign/Framework/Architecture/Rule/ICanRegisterEvent.cs
  artifactKey: Guid(df3db07557f694044ab8f5d5e99a4646) Importer(815301076,1909f56bfc062723c751e8b465ee728b)
Start importing Assets/FrameworkDesign/Framework/Architecture/Rule/ICanRegisterEvent.cs using Guid(df3db07557f694044ab8f5d5e99a4646) Importer(815301076,1909f56bfc062723c751e8b465ee728b)  -> (artifact id: '0e2615669c2bcbff734c4d462194fae9') in 0.004023 seconds 
========================================================================
Received Import Request.
  Time since last request: 0.010035 seconds.
  path: Assets/FrameworkDesign/Framework/Command/ICommand.cs
  artifactKey: Guid(86d9d99a1d537f743b2caeeac414d9eb) Importer(815301076,1909f56bfc062723c751e8b465ee728b)
Start importing Assets/FrameworkDesign/Framework/Command/ICommand.cs using Guid(86d9d99a1d537f743b2caeeac414d9eb) Importer(815301076,1909f56bfc062723c751e8b465ee728b)  -> (artifact id: 'dd3a6d6d36cd69e5e90e28c6afc77922') in 0.004170 seconds 
========================================================================
Received Import Request.
  Time since last request: 0.013199 seconds.
  path: Assets/FrameworkDesign/Framework/Architecture/Architecture.cs
  artifactKey: Guid(cd88a5279271cdc41bbb2afabbe4b5ca) Importer(815301076,1909f56bfc062723c751e8b465ee728b)
Start importing Assets/FrameworkDesign/Framework/Architecture/Architecture.cs using Guid(cd88a5279271cdc41bbb2afabbe4b5ca) Importer(815301076,1909f56bfc062723c751e8b465ee728b)  -> (artifact id: 'a2d97e91054ccaaf0f59a9119627cea6') in 0.003973 seconds 
========================================================================
Received Import Request.
  Time since last request: 0.006029 seconds.
  path: Assets/FrameworkDesign/Framework/BindableProperty/BindableProperty.cs
  artifactKey: Guid(0494928eb7d922c4f85af54deb341d25) Importer(815301076,1909f56bfc062723c751e8b465ee728b)
Start importing Assets/FrameworkDesign/Framework/BindableProperty/BindableProperty.cs using Guid(0494928eb7d922c4f85af54deb341d25) Importer(815301076,1909f56bfc062723c751e8b465ee728b)  -> (artifact id: '3bc59b3bfed5ec459116849d445d9651') in 0.004138 seconds 
AssetImportWorkerClient::OnTransportError - code=2 error=End of file
